Build started 4/10/2017 1:42:11 PM.
     1>Project "C:\Users\Joji\Desktop\Quake-2-VS2013-master\ref_gl\ref_gl.vcxproj" on node 3 (Build target(s)).
     1>Link:
         C:\Program Files (x86)\Microsoft Visual Studio 12.0\VC\bin\link.exe /ERRORREPORT:PROMPT /OUT:"C:\Users\Joji\Desktop\Quake-2-VS2013-master\Quake2\ref_gl.dll" /INCREMENTAL /NOLOGO opengl32.lib winmm.lib kernel32.lib user32.lib gdi32.lib winspool.lib comdlg32.lib advapi32.lib shell32.lib ole32.lib oleaut32.lib uuid.lib odbc32.lib odbccp32.lib /DEF:"ref_gl.def" /MANIFEST /MANIFESTUAC:"level='asInvoker' uiAccess='false'" /manifest:embed /DEBUG /PDB:"C:\Users\Joji\Desktop\Quake-2-VS2013-master\Quake2\ref_gl.pdb" /SUBSYSTEM:WINDOWS /TLBID:1 /DYNAMICBASE /NXCOMPAT /IMPLIB:"C:\Users\Joji\Desktop\Quake-2-VS2013-master\Quake2\ref_gl.lib" /MACHINE:X86 /DLL Debug\q_shared.obj
         Debug\glw_imp.obj
         Debug\qgl_win.obj
         Debug\q_shwin.obj
         Debug\gl_draw.obj
         Debug\gl_image.obj
         Debug\gl_light.obj
         Debug\gl_mesh.obj
         Debug\gl_model.obj
         Debug\gl_rmain.obj
         Debug\gl_rmisc.obj
         Debug\gl_rsurf.obj
         Debug\gl_warp.obj
         LINK : C:\Users\Joji\Desktop\Quake-2-VS2013-master\Quake2\ref_gl.dll not found or not built by the last incremental link; performing full link
            Creating library C:\Users\Joji\Desktop\Quake-2-VS2013-master\Quake2\ref_gl.lib and object C:\Users\Joji\Desktop\Quake-2-VS2013-master\Quake2\ref_gl.exp
         ref_gl.vcxproj -> C:\Users\Joji\Desktop\Quake-2-VS2013-master\Quake2\ref_gl.dll
     1>Done Building Project "C:\Users\Joji\Desktop\Quake-2-VS2013-master\ref_gl\ref_gl.vcxproj" (Build target(s)).

Build succeeded.

Time Elapsed 00:00:00.81
